<?xml version="1.0" encoding="UTF-8"?>
<testsuite name="home.utils.TransferUtilsTest" tests="3" skipped="0" failures="0" errors="0" timestamp="2019-09-30T13:35:47" hostname="Boburs-MacBook-Pro.local" time="0.002">
  <properties/>
  <testcase name="testTransferToTheSameAccount" classname="home.utils.TransferUtilsTest" time="0.001"/>
  <testcase name="testTransferAmountGreaterThanBalance" classname="home.utils.TransferUtilsTest" time="0.0"/>
  <testcase name="testTransfer" classname="home.utils.TransferUtilsTest" time="0.001"/>
  <system-out><![CDATA[]]></system-out>
  <system-err><![CDATA[]]></system-err>
</testsuite>
